mode: atomic
github.com/aamirlatif1/imdbapi/internal/validator/vaidator.go:17.2,19.1 1 0
github.com/aamirlatif1/imdbapi/internal/validator/vaidator.go:23.2,24.1 1 0
github.com/aamirlatif1/imdbapi/internal/validator/vaidator.go:27.2,27.41 1 0
github.com/aamirlatif1/imdbapi/internal/validator/vaidator.go:28.3,29.1 1 0
github.com/aamirlatif1/imdbapi/internal/validator/vaidator.go:33.2,33.9 1 0
github.com/aamirlatif1/imdbapi/internal/validator/vaidator.go:34.3,35.1 1 0
github.com/aamirlatif1/imdbapi/internal/validator/vaidator.go:38.2,39.1 1 0
github.com/aamirlatif1/imdbapi/internal/validator/vaidator.go:42.2,43.1 1 0
github.com/aamirlatif1/imdbapi/internal/validator/vaidator.go:46.2,47.1 2 0
github.com/aamirlatif1/imdbapi/internal/validator/vaidator.go:48.2,48.31 2 0
github.com/aamirlatif1/imdbapi/internal/validator/vaidator.go:49.3,50.1 1 0
github.com/aamirlatif1/imdbapi/internal/validator/vaidator.go:51.2,51.41 1 0
github.com/aamirlatif1/imdbapi/internal/data/movies.go:20.2,22.1 9 0
github.com/aamirlatif1/imdbapi/internal/data/movies.go:23.2,24.1 9 0
github.com/aamirlatif1/imdbapi/internal/data/movies.go:25.2,27.1 9 0
github.com/aamirlatif1/imdbapi/internal/data/movies.go:28.2,32.1 9 0
github.com/aamirlatif1/imdbapi/cmd/api/errors.go:9.2,14.1 2 0
github.com/aamirlatif1/imdbapi/cmd/api/errors.go:17.2,18.1 3 0
github.com/aamirlatif1/imdbapi/cmd/api/errors.go:19.2,20.16 3 0
github.com/aamirlatif1/imdbapi/cmd/api/errors.go:21.3,23.1 2 0
github.com/aamirlatif1/imdbapi/cmd/api/errors.go:27.2,28.1 3 0
github.com/aamirlatif1/imdbapi/cmd/api/errors.go:29.2,31.1 3 0
github.com/aamirlatif1/imdbapi/cmd/api/errors.go:34.2,36.1 2 0
github.com/aamirlatif1/imdbapi/cmd/api/errors.go:39.2,41.1 2 0
github.com/aamirlatif1/imdbapi/cmd/api/errors.go:44.2,45.1 1 0
github.com/aamirlatif1/imdbapi/cmd/api/errors.go:48.2,49.1 1 0
github.com/aamirlatif1/imdbapi/cmd/api/health.go:8.2,9.1 4 0
github.com/aamirlatif1/imdbapi/cmd/api/health.go:10.2,14.1 4 0
github.com/aamirlatif1/imdbapi/cmd/api/health.go:16.2,17.1 4 0
github.com/aamirlatif1/imdbapi/cmd/api/health.go:18.2,18.16 4 0
github.com/aamirlatif1/imdbapi/cmd/api/health.go:19.3,20.1 1 0
github.com/aamirlatif1/imdbapi/cmd/api/helper.go:17.2,18.1 3 0
github.com/aamirlatif1/imdbapi/cmd/api/helper.go:19.2,20.26 3 0
github.com/aamirlatif1/imdbapi/cmd/api/helper.go:21.3,22.1 1 0
github.com/aamirlatif1/imdbapi/cmd/api/helper.go:23.2,23.16 1 0
github.com/aamirlatif1/imdbapi/cmd/api/helper.go:27.2,28.16 2 0
github.com/aamirlatif1/imdbapi/cmd/api/helper.go:29.3,30.1 1 0
github.com/aamirlatif1/imdbapi/cmd/api/helper.go:32.2,33.1 2 0
github.com/aamirlatif1/imdbapi/cmd/api/helper.go:34.2,34.35 2 0
github.com/aamirlatif1/imdbapi/cmd/api/helper.go:35.3,35.32 1 0
github.com/aamirlatif1/imdbapi/cmd/api/helper.go:36.4,37.1 1 0
github.com/aamirlatif1/imdbapi/cmd/api/helper.go:40.2,43.1 4 0
github.com/aamirlatif1/imdbapi/cmd/api/helper.go:44.2,44.12 4 0
github.com/aamirlatif1/imdbapi/cmd/api/helper.go:48.2,51.1 5 0
github.com/aamirlatif1/imdbapi/cmd/api/helper.go:52.2,53.16 5 0
github.com/aamirlatif1/imdbapi/cmd/api/helper.go:54.3,57.1 4 0
github.com/aamirlatif1/imdbapi/cmd/api/helper.go:58.3,58.10 4 0
github.com/aamirlatif1/imdbapi/cmd/api/helper.go:60.4,60.94 1 0
github.com/aamirlatif1/imdbapi/cmd/api/helper.go:63.4,63.56 1 0
github.com/aamirlatif1/imdbapi/cmd/api/helper.go:66.4,66.38 1 0
github.com/aamirlatif1/imdbapi/cmd/api/helper.go:67.5,68.1 1 0
github.com/aamirlatif1/imdbapi/cmd/api/helper.go:69.4,69.103 1 0
github.com/aamirlatif1/imdbapi/cmd/api/helper.go:72.4,72.47 1 0
github.com/aamirlatif1/imdbapi/cmd/api/helper.go:75.4,75.14 1 0
github.com/aamirlatif1/imdbapi/cmd/api/helper.go:78.4,79.66 2 0
github.com/aamirlatif1/imdbapi/cmd/api/helper.go:82.4,82.14 1 0
github.com/aamirlatif1/imdbapi/cmd/api/helper.go:86.2,87.19 2 0
github.com/aamirlatif1/imdbapi/cmd/api/helper.go:88.3,89.1 1 0
github.com/aamirlatif1/imdbapi/cmd/api/helper.go:91.2,91.12 1 0
github.com/aamirlatif1/imdbapi/cmd/api/main.go:28.2,29.1 11 0
github.com/aamirlatif1/imdbapi/cmd/api/main.go:30.2,33.1 11 0
github.com/aamirlatif1/imdbapi/cmd/api/main.go:34.2,35.1 11 0
github.com/aamirlatif1/imdbapi/cmd/api/main.go:36.2,39.1 11 0
github.com/aamirlatif1/imdbapi/cmd/api/main.go:41.2,48.1 11 0
github.com/aamirlatif1/imdbapi/cmd/api/main.go:50.2,51.1 11 0
github.com/aamirlatif1/imdbapi/cmd/api/main.go:52.2,55.1 11 0
github.com/aamirlatif1/imdbapi/cmd/api/middleware.go:9.2,9.71 1 0
github.com/aamirlatif1/imdbapi/cmd/api/middleware.go:10.3,10.16 1 0
github.com/aamirlatif1/imdbapi/cmd/api/middleware.go:11.4,12.17 2 0
github.com/aamirlatif1/imdbapi/cmd/api/middleware.go:13.5,15.1 2 0
github.com/aamirlatif1/imdbapi/cmd/api/middleware.go:17.3,17.23 1 0
github.com/aamirlatif1/imdbapi/cmd/api/movies.go:13.2,18.1 4 0
github.com/aamirlatif1/imdbapi/cmd/api/movies.go:20.2,22.16 4 0
github.com/aamirlatif1/imdbapi/cmd/api/movies.go:23.3,25.1 2 0
github.com/aamirlatif1/imdbapi/cmd/api/movies.go:27.2,32.1 3 0
github.com/aamirlatif1/imdbapi/cmd/api/movies.go:34.2,35.1 3 0
github.com/aamirlatif1/imdbapi/cmd/api/movies.go:36.2,36.46 3 0
github.com/aamirlatif1/imdbapi/cmd/api/movies.go:37.3,39.1 2 0
github.com/aamirlatif1/imdbapi/cmd/api/movies.go:40.2,40.29 1 0
github.com/aamirlatif1/imdbapi/cmd/api/movies.go:44.2,45.1 2 0
github.com/aamirlatif1/imdbapi/cmd/api/movies.go:46.2,46.16 2 0
github.com/aamirlatif1/imdbapi/cmd/api/movies.go:47.3,49.1 2 0
github.com/aamirlatif1/imdbapi/cmd/api/movies.go:51.2,58.1 3 0
github.com/aamirlatif1/imdbapi/cmd/api/movies.go:59.2,60.16 3 0
github.com/aamirlatif1/imdbapi/cmd/api/movies.go:61.3,62.1 1 0
github.com/aamirlatif1/imdbapi/cmd/api/routes.go:10.2,13.1 7 0
github.com/aamirlatif1/imdbapi/cmd/api/routes.go:14.2,17.1 7 0
github.com/aamirlatif1/imdbapi/cmd/api/routes.go:18.2,19.1 7 0
